#
# A fatal error has been detected by the Java Runtime Environment:
#
#  EXCEPTION_ACCESS_VIOLATION (0xc0000005) at pc=0x000001efbfa30705, pid=22000, tid=1344
#
# JRE version: Java(TM) SE Runtime Environment (14.0.2+12) (build 14.0.2+12-46)
# Java VM: Java HotSpot(TM) 64-Bit Server VM (14.0.2+12-46, mixed mode, sharing, tiered, compressed oops, g1 gc, windows-amd64)
# Problematic frame:
# J 67108864 c2 sun.java2d.loops.GraphicsPrimitiveMgr.locatePrim(ILsun/java2d/loops/SurfaceType;Lsun/java2d/loops/CompositeType;Lsun/java2d/loops/SurfaceType;)Lsun/java2d/loops/GraphicsPrimitive; java.desktop@14.0.2 (95 bytes) @ 0x000001efbfa30705 [0x000001efbfa30540+0x00000000000001c5]
#
# No core dump will be written. Minidumps are not enabled by default on client versions of Windows
#
# If you would like to submit a bug report, please visit:
#   https://bugreport.java.com/bugreport/crash.jsp
#

---------------  S U M M A R Y ------------

Command Line: -Dfile.encoding=Cp1252 -XX:+ShowCodeDetailsInExceptionMessages restaurants.restaurant

Host: Intel(R) Core(TM) i5-9300H CPU @ 2.40GHz, 8 cores, 7G,  Windows 10 , 64 bit Build 19041 (10.0.19041.662)
Time: Fri Jan 15 21:13:39 2021 India Standard Time elapsed time: 3862 seconds (0d 1h 4m 22s)

---------------  T H R E A D  ---------------

Current thread (0x000001efcf365000):  JavaThread "AWT-EventQueue-0" [_thread_in_Java, id=1344, stack(0x0000001aeba00000,0x0000001aebb00000)]

Stack: [0x0000001aeba00000,0x0000001aebb00000],  sp=0x0000001aebafdfa8,  free space=1015k
Native frames: (J=compiled Java code, j=interpreted, Vv=VM code, C=native code)
C  0x000001efbfa30705


siginfo: EXCEPTION_ACCESS_VIOLATION (0xc0000005), reading address 0x0000003620f8920d


Register to memory mapping:

RIP=0x000001efbfa30705 is at entry_point+453 in (nmethod*)0x000001efbfa30310
RAX=0x0000002a74536201 is an unknown value
RBX=0x0000001aebafe040 is pointing into the stack for thread: 0x000001efcf365000
RCX=0x000001efcec17ad8 is pointing into metadata
RDX=0x0000000000000008 is an unknown value
RSP=0x0000001aebafdfa8 is pointing into the stack for thread: 0x000001efcf365000
RBP=0x0000001aebafe030 is pointing into the stack for thread: 0x000001efcf365000
RSI=0x0000003620f89201 is an unknown value
RDI=0x0000000089dd14d8 is an oop: sun.java2d.loops.SurfaceType 
{0x0000000089dd14d8} - klass: 'sun/java2d/loops/SurfaceType'
R8 =0x000000008a0d0628 is an oop: sun.java2d.loops.SurfaceType 
{0x000000008a0d0628} - klass: 'sun/java2d/loops/SurfaceType'
R9 =0x0000000089dd3ff8 is an oop: sun.java2d.loops.CompositeType 
{0x0000000089dd3ff8} - klass: 'sun/java2d/loops/CompositeType'
R10=0x0000000000000001 is an unknown value
R11=0x0000003620f89201 is an unknown value
R12=0x0 is NULL
R13=0x0000001aebafdfb8 is pointing into the stack for thread: 0x000001efcf365000
R14=0x0000001aebafe060 is pointing into the stack for thread: 0x000001efcf365000
R15=0x000001efcf365000 is a thread


Registers:
RAX=0x0000002a74536201, RBX=0x0000001aebafe040, RCX=0x000001efcec17ad8, RDX=0x0000000000000008
RSP=0x0000001aebafdfa8, RBP=0x0000001aebafe030, RSI=0x0000003620f89201, RDI=0x0000000089dd14d8
R8 =0x000000008a0d0628, R9 =0x0000000089dd3ff8, R10=0x0000000000000001, R11=0x0000003620f89201
R12=0x0000000000000000, R13=0x0000001aebafdfb8, R14=0x0000001aebafe060, R15=0x000001efcf365000
RIP=0x000001efbfa30705, EFLAGS=0x0000000000010246

Top of Stack: (sp=0x0000001aebafdfa8)
0x0000001aebafdfa8:   000001efb7eb9f00 000001efb7eb9f00
0x0000001aebafdfb8:   0000000089dd14d8 0000000089dd3ff8
0x0000001aebafdfc8:   000000008a0d0628 0000000000000008
0x0000001aebafdfd8:   0000003620f89201 0000000089dd1aa0
0x0000001aebafdfe8:   0000001aebafdfd8 000001efcec170a4
0x0000001aebafdff8:   0000001aebafe060 0000000000000008
0x0000001aebafe008:   0000003620f89201 0000000089dd1aa0
0x0000001aebafe018:   000001efcec17128 0000001aebafdfb8
0x0000001aebafe028:   0000001aebafe048 0000001aebafe0b0
0x0000001aebafe038:   000001efb7eb9f00 0000002a74536201
0x0000001aebafe048:   0000000089dd14d8 0000000089dd3ff8
0x0000001aebafe058:   000000008a0d0628 0000000000000008
0x0000001aebafe068:   0000001aebafe068 000001efcec3654e
0x0000001aebafe078:   0000001aebafe0d0 000001efcec36ab8
0x0000001aebafe088:   0000000000000000 0000000089dd2cf8
0x0000001aebafe098:   000001efcec36580 0000001aebafe048 

Instructions: (pc=0x000001efbfa30705)
0x000001efbfa30605:   00 00 00 00 00 00 00 00 00 00 00 00 00 00 00 00
0x000001efbfa30615:   00 00 00 00 00 00 00 00 00 00 00 00 00 00 00 00
0x000001efbfa30625:   00 00 00 00 00 00 00 00 00 00 00 00 00 00 00 00
0x000001efbfa30635:   00 00 00 00 00 00 00 00 00 00 00 75 0f 48 8b 44
0x000001efbfa30645:   24 30 45 33 d2 48 8b 74 24 30 eb c3 48 ff 74 24
0x000001efbfa30655:   28 48 8f 44 24 58 48 8b 74 24 30 48 85 f6 0f 84
0x000001efbfa30665:   ff 01 00 00 48 ff 74 24 30 48 8f 44 24 60 eb 4d
0x000001efbfa30675:   41 ba ff ff ff ff 45 2b d0 45 85 d2 0f 8d 10 02
0x000001efbfa30685:   00 00 4d 8b 9f 10 01 00 00 c4 c1 f9 7e da 45 8b
0x000001efbfa30695:   52 14 41 85 03 45 85 d2 0f 84 30 ff ff ff 48 8b
0x000001efbfa306a5:   f0 c4 c1 f9 7e c0 48 8b d5 c4 e1 f9 7e cd c4 e1
0x000001efbfa306b5:   f9 7e d7 c4 c1 79 7e e1 4c 89 54 24 60 49 ba f0
0x000001efbfa306c5:   16 dd 89 00 00 00 00 49 8b 02 4c 8b d0 49 83 e2
0x000001efbfa306d5:   07 49 83 fa 05 0f 85 8b 02 00 00 4c 8b 92 b8 00
0x000001efbfa306e5:   00 00 4d 8b da 4d 0b df 49 8b cb 48 33 c8 48 f7
0x000001efbfa306f5:   c1 87 ff ff ff 0f 85 28 04 00 00 4c 8b 5c 24 60
0x000001efbfa30705:   45 8b 53 0c 41 8b 58 0c 41 c1 e2 08 c1 e3 10 45
0x000001efbfa30715:   8b f1 44 0b f3 45 0b f2 48 8b 4c 24 58 44 0b 71
0x000001efbfa30725:   0c 41 ba 07 00 00 00 48 bb f0 16 dd 89 00 00 00
0x000001efbfa30735:   00 4c 23 13 49 83 fa 05 0f 85 e9 02 00 00 49 ba
0x000001efbfa30745:   a0 1a dd 89 00 00 00 00 45 0f b6 92 81 00 00 00
0x000001efbfa30755:   45 85 d2 0f 85 62 04 00 00 49 ba a0 1a dd 89 00
0x000001efbfa30765:   00 00 00 45 8b 52 70 c4 c1 79 6e fa 41 8b 5a 0c
0x000001efbfa30775:   49 ba a0 1a dd 89 00 00 00 00 45 8b 52 7c c4 c1
0x000001efbfa30785:   79 6e ea 45 8b 52 08 c4 c1 f9 6e db 48 89 4c 24
0x000001efbfa30795:   58 c4 c1 79 6e e1 c4 e1 f9 6e d7 c4 e1 f9 6e cd
0x000001efbfa307a5:   48 8b ea c4 c1 f9 6e c0 48 8b c6 44 8b c3 41 ff
0x000001efbfa307b5:   c8 45 85 c0 0f 8c 99 00 00 00 41 81 fa c7 e9 17
0x000001efbfa307c5:   00 0f 85 99 03 00 00 c4 c1 79 7e e9 49 8b d1 c4
0x000001efbfa307d5:   c1 79 7e fa 49 8b f2 41 8b f8 33 c9 eb 49 66 0f
0x000001efbfa307e5:   1f 84 00 00 00 00 00 66 66 66 90 41 bb ff ff ff
0x000001efbfa307f5:   ff 45 85 db 7c 0f 45 85 db 7e 6f 41 8b f8 ff cf 


Stack slot to memory mapping:
stack at sp + 0 slots: 0x000001efb7eb9f00 is at code_begin+1664 in an Interpreter codelet
invoke return entry points  [0x000001efb7eb9880, 0x000001efb7eba2a0]  2592 bytes
stack at sp + 1 slots: 0x000001efb7eb9f00 is at code_begin+1664 in an Interpreter codelet
invoke return entry points  [0x000001efb7eb9880, 0x000001efb7eba2a0]  2592 bytes
stack at sp + 2 slots: 0x0000000089dd14d8 is an oop: sun.java2d.loops.SurfaceType 
{0x0000000089dd14d8} - klass: 'sun/java2d/loops/SurfaceType'
stack at sp + 3 slots: 0x0000000089dd3ff8 is an oop: sun.java2d.loops.CompositeType 
{0x0000000089dd3ff8} - klass: 'sun/java2d/loops/CompositeType'
stack at sp + 4 slots: 0x000000008a0d0628 is an oop: sun.java2d.loops.SurfaceType 
{0x000000008a0d0628} - klass: 'sun/java2d/loops/SurfaceType'
stack at sp + 5 slots: 0x0000000000000008 is an unknown value
stack at sp + 6 slots: 0x0000003620f89201 is an unknown value
stack at sp + 7 slots: 0x0000000089dd1aa0 is an oop: java.lang.Class 
{0x0000000089dd1aa0} - klass: 'java/lang/Class'

--------------------------------------------------------------------------------
[Constant Pool (empty)]

--------------------------------------------------------------------------------

[MachCode]
  0x000001efbfa30540: 0000 0000 | 0000 0000 | 0000 0000 | 0000 0000 | 0000 0000 | 0000 0000 | 0000 0000 | 0000 0000 
  0x000001efbfa30560: 0000 0000 | 0000 0000 | 0000 0000 | 0000 0000 | 0000 0000 | 0000 0000 | 0000 0000 | 0000 0000 
  0x000001efbfa30580: 0000 0000 | 0000 0000 | 0000 0000 | 0000 0000 | 0000 0000 | 0000 0000 | 0000 0000 | 0000 0000 
  0x000001efbfa305a0: 0000 0000 | 0000 0000 | 0000 0000 | 0000 0000 | 0000 0000 | 0000 0000 | 0000 0000 | 0000 0000 
  0x000001efbfa305c0: 0000 0000 | 0000 0000 | 0000 0000 | 0000 0000 | 0000 0000 | 0000 0000 | 0000 0000 | 0000 0000 
  0x000001efbfa305e0: 0000 0000 | 0000 0000 | 0000 0000 | 0000 0000 | 0000 0000 | 0000 0000 | 0000 0000 | 0000 0000 
  0x000001efbfa30600: 0000 0000 | 0000 0000 | 0000 0000 | 0000 0000 | 0000 0000 | 0000 0000 | 0000 0000 | 0000 0000 
  0x000001efbfa30620: 0000 0000 | 0000 0000 | 0000 0000 | 0000 0000 | 0000 0000 | 0000 0000 | 0000 0000 | 0000 0000 
  0x000001efbfa30640: 750f 488b | 4424 3045 | 33d2 488b | 7424 30eb | c348 ff74 | 2428 488f | 4424 5848 | 8b74 2430 
  0x000001efbfa30660: 4885 f60f | 84ff 0100 | 0048 ff74 | 2430 488f | 4424 60eb | 4d41 baff | ffff ff45 | 2bd0 4585 
  0x000001efbfa30680: d20f 8d10 | 0200 004d | 8b9f 1001 | 0000 c4c1 | f97e da45 | 8b52 1441 | 8503 4585 | d20f 8430 
  0x000001efbfa306a0: ffff ff48 | 8bf0 c4c1 | f97e c048 | 8bd5 c4e1 | f97e cdc4 | e1f9 7ed7 | c4c1 797e | e14c 8954 
  0x000001efbfa306c0: 2460 49ba | f016 dd89 | 0000 0000 | 498b 024c | 8bd0 4983 | e207 4983 | fa05 0f85 | 8b02 0000 
  0x000001efbfa306e0: 4c8b 92b8 | 0000 004d | 8bda 4d0b | df49 8bcb | 4833 c848 | f7c1 87ff | ffff 0f85 | 2804 0000 
  0x000001efbfa30700: 4c8b 5c24 | 6045 8b53 | 0c41 8b58 | 0c41 c1e2 | 08c1 e310 | 458b f144 | 0bf3 450b | f248 8b4c 
  0x000001efbfa30720: 2458 440b | 710c 41ba | 0700 0000 | 48bb f016 | dd89 0000 | 0000 4c23 | 1349 83fa | 050f 85e9 
  0x000001efbfa30740: 0200 0049 | baa0 1add | 8900 0000 | 0045 0fb6 | 9281 0000 | 0045 85d2 | 0f85 6204 | 0000 49ba 
  0x000001efbfa30760: a01a dd89 | 0000 0000 | 458b 5270 | c4c1 796e | fa41 8b5a | 0c49 baa0 | 1add 8900 | 0000 0045 
  0x000001efbfa30780: 8b52 7cc4 | c179 6eea | 458b 5208 | c4c1 f96e | db48 894c | 2458 c4c1 | 796e e1c4 | e1f9 6ed7 
  0x000001efbfa307a0: c4e1 f96e | cd48 8bea | c4c1 f96e | c048 8bc6 | 448b c341 | ffc8 4585 | c00f 8c99 | 0000 0041 
  0x000001efbfa307c0: 81fa c7e9 | 1700 0f85 | 9903 0000 | c4c1 797e | e949 8bd1 | c4c1 797e | fa49 8bf2 | 418b f833 
  0x000001efbfa307e0: c9eb 4966 | 0f1f 8400 | 0000 0000 | 6666 6690 | 41bb ffff | ffff 4585 | db7c 0f45 | 85db 7e6f 
  0x000001efbfa30800: 418b f8ff | cf44 8bc1 | eb03 41ff | c04d 8b97 | 1001 0000 | 4185 0244 | 3bc7 0f8f | 55fe ffff 
  0x000001efbfa30820: 458b d044 | 03d7 418b | c845 8bc2 | 41d1 e844 | 3bc3 0f83 | b500 0000 | c4c1 797e | fa47 8b5c 
  0x000001efbfa30840: 8210 458b | 530c 453b | d674 1845 | 3bd6 7ca0 | 41bb 0100 | 0000 eb9e | 41ba ffff | ffff e91b 
  0x000001efbfa30860: feff ff45 | 33db eb8e | 33c0 e97e | fdff ff45 | 8bd0 e907 | feff ff33 | edbf 0700 | 0000 49ba 
  0x000001efbfa30880: a01a dd89 | 0000 0000 | 4923 3a48 | 83ff 050f | 8546 0400 | 00eb 4044 | 3bd3 0f83 | ff04 0000 
  0x000001efbfa308a0: c4c1 797e | fb43 8b6c | 9310 448b | 4508 4181 | f8e4 e817 | 000f 8441 | 0500 0049 | baa0 1add 
  0x000001efbfa308c0: 8900 0000 | 00c4 c1f9 | 7ed3 4d23 | 1a49 83fb | 050f 8571 | 0500 0048 | 8bc5 4881 | c4b0 0000 
  0x000001efbfa308e0: 005d 4d8b | 9710 0100 | 0041 8502 | c3ba e4ff | ffff 8b6c | 2420 4c89 | 6c24 2048 | 8944 2428 
  0x000001efbfa30900: 4c8b 5424 | 584c 8954 | 2430 c5fb | 1144 2438 | c5fb 115c | 2440 c5fa | 117c 244c | 4489 4c24 
  0x000001efbfa30920: 5089 4c24 | 5489 7c24 | 58c5 fa11 | 7c24 6044 | 8944 2464 | 4489 7424 | 6866 90e8 | 4087 4cf8 
  0x000001efbfa30940: 48b9 c076 | b0a0 fa7f | 0000 4883 | e4f0 49ba | 8064 7ea0 | fa7f 0000 | 41ff d2f4 | 49bb f016 
  0x000001efbfa30960: dd89 0000 | 0000 f04d | 0fb1 1349 | bbf0 16dd | 8900 0000 | 0048 8d9c | 2498 0000 | 0049 8b03 
  0x000001efbfa30980: 48a9 0200 | 0000 7524 | 4883 c801 | 4889 03f0 | 490f b11b | 0f84 2500 | 0000 482b | c448 81e0 
  0x000001efbfa309a0: 07f0 ffff | 4889 03e9 | 1300 0000 | 4c8b d048 | 33c0 f04d | 0fb1 7a7e | 48c7 0303 | 0000 000f 
  0x000001efbfa309c0: 843b fdff | ff44 894c | 2424 4889 | 7c24 5048 | 896c 2448 | 4889 5424 | 404c 8944 | 2438 4889 
  0x000001efbfa309e0: 7424 304c | 896c 2428 | 48ba f016 | dd89 0000 | 0000 418b | ee4c 8d84 | 2498 0000 | 0066 90e8 
  0x000001efbfa30a00: 7cf0 57f8 | 4c8b 6c24 | 2848 8b74 | 2430 4c8b | 4424 3848 | 8b54 2440 | 488b 6c24 | 4848 8b7c 
  0x000001efbfa30a20: 2450 448b | 4c24 24e9 | d4fc ffff | 488d 8424 | 9800 0000 | 4881 3800 | 0000 000f | 8478 0000 
  0x000001efbfa30a40: 004c 8b13 | 49f7 c202 | 0000 0074 | 6448 33c0 | 490b 828e | 0000 0075 | 6049 8b82 | 9e00 0000 
  0x000001efbfa30a60: 490b 8296 | 0000 0075 | 0a49 c742 | 7e00 0000 | 00eb 4649 | 81ba a600 | 0000 0000 | 0000 7425 
  0x000001efbfa30a80: 4833 c049 | c742 7e00 | 0000 00f0 | 8304 2400 | 4981 baa6 | 0000 0000 | 0000 0075 | 0df0 4d0f 
  0x000001efbfa30aa0: b17a 7e75 | 0583 c801 | eb0f a900 | 0000 00eb | 084c 8b10 | f04c 0fb1 | 130f 8484 | fcff ff44 
  0x000001efbfa30ac0: 894c 2424 | 4889 7c24 | 4048 896c | 2438 4889 | 5424 304c | 8944 2428 | 488b ee48 | b9f0 16dd 
  0x000001efbfa30ae0: 8900 0000 | 0048 8d94 | 2498 0000 | 004d 8bc7 | 49ba f0d1 | 90a0 fa7f | 0000 41ff | d248 8bf5 
  0x000001efbfa30b00: 4c8b 4424 | 2848 8b54 | 2430 488b | 6c24 3848 | 8b7c 2440 | 448b 4c24 | 2448 8b4c | 2458 4c8b 
  0x000001efbfa30b20: 5c24 60e9 | 1bfc ffff | 48f7 c107 | 0000 000f | 8527 feff | ff48 f7c1 | 0003 0000 | 750d 4881 
  0x000001efbfa30b40: e07f 0300 | 004c 8bd8 | 4d0b df49 | baf0 16dd | 8900 0000 | 00f0 4d0f | b11a 0f85 | 65fe ffff 
  0x000001efbfa30b60: e99b fbff | ffba 76ff | ffff 8b6c | 2420 4c89 | 6c24 2048 | 8974 2428 | 4889 4c24 | 30c5 fb11 
  0x000001efbfa30b80: 4424 384c | 895c 2440 | c5fa 117c | 244c c5fa | 116c 2450 | 4489 4424 | 5844 8974 | 245c 90e8 
  0x000001efbfa30ba0: dc84 4cf8 | 48b9 c076 | b0a0 fa7f | 0000 4883 | e4f0 49ba | 8064 7ea0 | fa7f 0000 | 41ff d2f4 
  0x000001efbfa30bc0: ba45 ffff | ff8b 6c24 | 204c 896c | 2420 4889 | 7424 2848 | 894c 2430 | 4c89 4424 | 384c 895c 
  0x000001efbfa30be0: 2440 4489 | 5424 4844 | 8974 244c | 6666 90e8 | 8c84 4cf8 | 48b9 c076 | b0a0 fa7f | 0000 4883 
  0x000001efbfa30c00: e4f0 49ba | 8064 7ea0 | fa7f 0000 | 41ff d2f4 | 49bb a01a | dd89 0000 | 0000 f04d | 0fb1 1349 
  0x000001efbfa30c20: bba0 1add | 8900 0000 | 0048 8d9c | 2490 0000 | 0049 8b03 | 48a9 0200 | 0000 7524 | 4883 c801 
  0x000001efbfa30c40: 4889 03f0 | 490f b11b | 0f84 2500 | 0000 482b | c448 81e0 | 07f0 ffff | 4889 03e9 | 1300 0000 
  0x000001efbfa30c60: 4c8b d048 | 33c0 f04d | 0fb1 7a7e | 48c7 0303 | 0000 000f | 8439 f9ff | ff48 8954 | 2438 48ba 
  0x000001efbfa30c80: a01a dd89 | 0000 0000 | 4c8d 8424 | 9000 0000 | 6666 90e8 | e8ed 57f8 | 488b 5424 | 38e9 10f9 
  0x000001efbfa30ca0: ffff 49f7 | c007 0000 | 000f 8561 | ffff ff49 | f7c0 0003 | 0000 750d | 4881 e07f | 0300 004c 
  0x000001efbfa30cc0: 8bd8 4d0b | df49 baa0 | 1add 8900 | 0000 00f0 | 4d0f b11a | 75a3 e9d7 | f8ff ff49 | bba0 1add 
  0x000001efbfa30ce0: 8900 0000 | 0048 8d84 | 2490 0000 | 0048 8138 | 0000 0000 | 0f84 7800 | 0000 4d8b | 1349 f7c2 
  0x000001efbfa30d00: 0200 0000 | 7464 4833 | c049 0b82 | 8e00 0000 | 7560 498b | 829e 0000 | 0049 0b82 | 9600 0000 
  0x000001efbfa30d20: 750a 49c7 | 427e 0000 | 0000 eb46 | 4981 baa6 | 0000 0000 | 0000 0074 | 2548 33c0 | 49c7 427e 
  0x000001efbfa30d40: 0000 0000 | f083 0424 | 0049 81ba | a600 0000 | 0000 0000 | 750d f04d | 0fb1 7a7e | 7505 83c8 
  0x000001efbfa30d60: 01eb 0fa9 | 0000 0000 | eb08 4c8b | 10f0 4d0f | b113 0f84 | 5ffb ffff | 48b9 a01a | dd89 0000 
  0x000001efbfa30d80: 0000 488d | 9424 9000 | 0000 4d8b | c749 baf0 | d190 a0fa | 7f00 0041 | ffd2 e938 | fbff ffba 
  0x000001efbfa30da0: e4ff ffff | 8b6c 2420 | 4c89 6c24 | 2048 8944 | 2428 4c8b | 5c24 584c | 895c 2430 | c5fb 1144 
  0x000001efbfa30dc0: 2438 c5fb | 115c 2440 | c5fa 117c | 2450 4489 | 5424 5444 | 8974 2458 | 6666 90e8 | a082 4cf8 
  0x000001efbfa30de0: 48b9 c076 | b0a0 fa7f | 0000 4883 | e4f0 49ba | 8064 7ea0 | fa7f 0000 | 41ff d2f4 | ba45 ffff 
  0x000001efbfa30e00: ff4c 896c | 2428 4889 | 4424 30c5 | fb11 4424 | 40c5 fb11 | 5c24 48c5 | fa11 7c24 | 2444 8954 
  0x000001efbfa30e20: 2450 4489 | 7424 54e8 | 5482 4cf8 | 48b9 c076 | b0a0 fa7f | 0000 4883 | e4f0 49ba | 8064 7ea0 
  0x000001efbfa30e40: fa7f 0000 | 41ff d2f4 | 49bb a01a | dd89 0000 | 0000 488d | 8424 9000 | 0000 4881 | 3800 0000 
  0x000001efbfa30e60: 000f 8478 | 0000 004d | 8b13 49f7 | c202 0000 | 0074 6448 | 33c0 490b | 828e 0000 | 0075 6049 
  0x000001efbfa30e80: 8b82 9e00 | 0000 490b | 8296 0000 | 0075 0a49 | c742 7e00 | 0000 00eb | 4649 81ba | a600 0000 
  0x000001efbfa30ea0: 0000 0000 | 7425 4833 | c049 c742 | 7e00 0000 | 00f0 8304 | 2400 4981 | baa6 0000 | 0000 0000 
  0x000001efbfa30ec0: 0075 0df0 | 4d0f b17a | 7e75 0583 | c801 eb0f | a900 0000 | 00eb 084c | 8b10 f04d | 0fb1 130f 
  0x000001efbfa30ee0: 84f2 f9ff | ff48 b9a0 | 1add 8900 | 0000 0048 | 8d94 2490 | 0000 004d | 8bc7 49ba | f0d1 90a0 
  0x000001efbfa30f00: fa7f 0000 | 41ff d2e9 | cbf9 ffff | ba5e ffff | ff66 90e8 | 6881 4cf8 | 48b9 c076 | b0a0 fa7f 
  0x000001efbfa30f20: 0000 4883 | e4f0 49ba | 8064 7ea0 | fa7f 0000 | 41ff d2f4 | ba45 ffff | ff8b 6c24 | 204c 896c 
  0x000001efbfa30f40: 2420 4889 | 7424 2848 | 894c 2430 | 4c89 4424 | 384c 895c | 2440 4489 | 5424 4c44 | 8974 2450 
  0x000001efbfa30f60: 6666 90e8 | 1881 4cf8 | 48b9 c076 | b0a0 fa7f | 0000 4883 | e4f0 49ba | 8064 7ea0 | fa7f 0000 
  0x000001efbfa30f80: 41ff d2f4 | ba45 ffff | ff8b 6c24 | 204c 896c | 2420 4889 | 7424 2848 | 894c 2430 | 4c89 4424 
  0x000001efbfa30fa0: 384c 895c | 2440 c5fa | 117c 244c | 895c 2450 | c5fa 116c | 2458 4489 | 7424 5ce8 | c080 4cf8 
  0x000001efbfa30fc0: 48b9 c076 | b0a0 fa7f | 0000 4883 | e4f0 49ba | 8064 7ea0 | fa7f 0000 | 41ff d2f4 | baf4 ffff 
  0x000001efbfa30fe0: ff8b 6c24 | 204c 896c | 2420 4889 | 4424 28c5 | fb11 4424 | 38c5 fb11 | 5c24 40c5 | fa11 7c24 
  0x000001efbfa31000: 4844 8954 | 244c 4489 | 7424 50e8 | 7080 4cf8 | 48b9 c076 | b0a0 fa7f | 0000 4883 | e4f0 49ba 
  0x000001efbfa31020: 8064 7ea0 | fa7f 0000 | 41ff d2f4 | f4f4 f4f4 | f4f4 f4f4 | f4f4 f4f4 | f4f4 f4f4 | f4f4 f4f4 
  0x000001efbfa31040: e93b 5e57 | f8e8 0000 | 0000 4883 | 2c24 05e9 | 4c83 4cf8 | f4f4 f4f4 
[/MachCode]
--------------------------------------------------------------------------------


---------------  P R O C E S S  ---------------

Threads class SMR info:
_java_thread_list=0x000001efd034fca0, length=16, elements={
0x000001efce6b3800, 0x000001efce6b4800, 0x000001efce6cf800, 0x000001efce6d2800,
0x000001efce6d3000, 0x000001efce6db800, 0x000001efce6e4000, 0x000001efce6f5000,
0x000001efcf13f800, 0x000001efcf144800, 0x000001efcf34b000, 0x000001efcf34e000,
0x000001efcf350800, 0x000001efcf365000, 0x000001efaf6f8000, 0x000001efd04fa000
}

Java Threads: ( => current thread )
  0x000001efce6b3800 JavaThread "Reference Handler" daemon [_thread_blocked, id=21732, stack(0x0000001aeac00000,0x0000001aead00000)]
  0x000001efce6b4800 JavaThread "Finalizer" daemon [_thread_blocked, id=6612, stack(0x0000001aead00000,0x0000001aeae00000)]
  0x000001efce6cf800 JavaThread "Signal Dispatcher" daemon [_thread_blocked, id=8504, stack(0x0000001aeae00000,0x0000001aeaf00000)]
  0x000001efce6d2800 JavaThread "Attach Listener" daemon [_thread_blocked, id=9552, stack(0x0000001aeaf00000,0x0000001aeb000000)]
  0x000001efce6d3000 JavaThread "Service Thread" daemon [_thread_blocked, id=12792, stack(0x0000001aeb000000,0x0000001aeb100000)]
  0x000001efce6db800 JavaThread "C2 CompilerThread0" daemon [_thread_blocked, id=19228, stack(0x0000001aeb100000,0x0000001aeb200000)]
  0x000001efce6e4000 JavaThread "C1 CompilerThread0" daemon [_thread_blocked, id=6992, stack(0x0000001aeb200000,0x0000001aeb300000)]
  0x000001efce6f5000 JavaThread "Sweeper thread" daemon [_thread_blocked, id=23380, stack(0x0000001aeb300000,0x0000001aeb400000)]
  0x000001efcf13f800 JavaThread "Notification Thread" daemon [_thread_blocked, id=10304, stack(0x0000001aeb400000,0x0000001aeb500000)]
  0x000001efcf144800 JavaThread "Common-Cleaner" daemon [_thread_blocked, id=22952, stack(0x0000001aeb600000,0x0000001aeb700000)]
  0x000001efcf34b000 JavaThread "Java2D Disposer" daemon [_thread_blocked, id=11920, stack(0x0000001aeb700000,0x0000001aeb800000)]
  0x000001efcf34e000 JavaThread "AWT-Shutdown" [_thread_blocked, id=22392, stack(0x0000001aeb800000,0x0000001aeb900000)]
  0x000001efcf350800 JavaThread "AWT-Windows" daemon [_thread_in_native, id=21840, stack(0x0000001aeb900000,0x0000001aeba00000)]
=>0x000001efcf365000 JavaThread "AWT-EventQueue-0" [_thread_in_Java, id=1344, stack(0x0000001aeba00000,0x0000001aebb00000)]
  0x000001efaf6f8000 JavaThread "DestroyJavaVM" [_thread_blocked, id=10452, stack(0x0000001aea500000,0x0000001aea600000)]
  0x000001efd04fa000 JavaThread "TimerQueue" daemon [_thread_blocked, id=14864, stack(0x0000001aebe00000,0x0000001aebf00000)]

Other Threads:
  0x000001efce6b0000 VMThread "VM Thread" [stack: 0x0000001aeab00000,0x0000001aeac00000] [id=21000]
  0x000001efcf144000 WatcherThread [stack: 0x0000001aeb500000,0x0000001aeb600000] [id=6832]
  0x000001efaf73e000 GCTaskThread "GC Thread#0" [stack: 0x0000001aea600000,0x0000001aea700000] [id=9564]
  0x000001efaf74f800 ConcurrentGCThread "G1 Main Marker" [stack: 0x0000001aea700000,0x0000001aea800000] [id=4248]
  0x000001efaf750800 ConcurrentGCThread "G1 Conc#0" [stack: 0x0000001aea800000,0x0000001aea900000] [id=9452]
  0x000001efaf7dd800 ConcurrentGCThread "G1 Refine#0" [stack: 0x0000001aea900000,0x0000001aeaa00000] [id=14824]
  0x000001efaf7de800 ConcurrentGCThread "G1 Young RemSet Sampling" [stack: 0x0000001aeaa00000,0x0000001aeab00000] [id=3932]

Threads with active compile tasks:

VM state:not at safepoint (normal execution)

VM Mutex/Monitor currently owned by a thread: None

Heap address: 0x0000000082400000, size: 2012 MB, Compressed Oops mode: 32-bit
Narrow klass base: 0x0000000800000000, Narrow klass shift: 3
Compressed class space size: 1073741824 Address: 0x0000000800b30000

Heap:
 garbage-first heap   total 129024K, used 24576K [0x0000000082400000, 0x0000000100000000)
  region size 1024K, 17 young (17408K), 0 survivors (0K)
 Metaspace       used 8949K, capacity 9168K, committed 9344K, reserved 1056768K
  class space    used 967K, capacity 1052K, committed 1152K, reserved 1048576K
Heap Regions: E=young(eden), S=young(survivor), O=old, HS=humongous(starts), HC=humongous(continues), CS=collection set, F=free, OA=open archive, CA=closed archive, TAMS=top-at-mark-start (previous, next)
|   0|0x0000000082400000, 0x0000000082500000, 0x0000000082500000|100%|HS|  |TAMS 0x0000000082400000, 0x0000000082400000| Complete 
|   1|0x0000000082500000, 0x0000000082600000, 0x0000000082600000|100%|HC|  |TAMS 0x0000000082500000, 0x0000000082500000| Complete 
|   2|0x0000000082600000, 0x0000000082700000, 0x0000000082700000|100%|HC|  |TAMS 0x0000000082600000, 0x0000000082600000| Complete 
|   3|0x0000000082700000, 0x0000000082800000, 0x0000000082800000|100%|HC|  |TAMS 0x0000000082700000, 0x0000000082700000| Complete 
|   4|0x0000000082800000, 0x0000000082900000, 0x0000000082900000|100%|HC|  |TAMS 0x0000000082800000, 0x0000000082800000| Complete 
|   5|0x0000000082900000, 0x0000000082a00000, 0x0000000082a00000|100%|HC|  |TAMS 0x0000000082900000, 0x0000000082900000| Complete 
|   6|0x0000000082a00000, 0x0000000082b00000, 0x0000000082b00000|100%|HC|  |TAMS 0x0000000082a00000, 0x0000000082a00000| Complete 
|   7|0x0000000082b00000, 0x0000000082c00000, 0x0000000082c00000|100%|HC|  |TAMS 0x0000000082b00000, 0x0000000082b00000| Complete 
|   8|0x0000000082c00000, 0x0000000082c00000, 0x0000000082d00000|  0%| F|  |TAMS 0x0000000082c00000, 0x0000000082c00000| Untracked 
|   9|0x0000000082d00000, 0x0000000082d00000, 0x0000000082e00000|  0%| F|  |TAMS 0x0000000082d00000, 0x0000000082d00000| Untracked 
|  10|0x0000000082e00000, 0x0000000082e00000, 0x0000000082f00000|  0%| F|  |TAMS 0x0000000082e00000, 0x0000000082e00000| Untracked 
|  11|0x0000000082f00000, 0x0000000082f00000, 0x0000000083000000|  0%| F|  |TAMS 0x0000000082f00000, 0x0000000082f00000| Untracked 
|  12|0x0000000083000000, 0x0000000083000000, 0x0000000083100000|  0%| F|  |TAMS 0x0000000083000000, 0x0000000083000000| Untracked 
|  13|0x0000000083100000, 0x0000000083100000, 0x0000000083200000|  0%| F|  |TAMS 0x0000000083100000, 0x0000000083100000| Untracked 
|  14|0x0000000083200000, 0x0000000083200000, 0x0000000083300000|  0%| F|  |TAMS 0x0000000083200000, 0x0000000083200000| Untracked 
|  15|0x0000000083300000, 0x0000000083300000, 0x0000000083400000|  0%| F|  |TAMS 0x0000000083300000, 0x0000000083300000| Untracked 
|  16|0x0000000083400000, 0x0000000083400000, 0x0000000083500000|  0%| F|  |TAMS 0x0000000083400000, 0x0000000083400000| Untracked 
|  17|0x0000000083500000, 0x0000000083500000, 0x0000000083600000|  0%| F|  |TAMS 0x0000000083500000, 0x0000000083500000| Untracked 
|  18|0x0000000083600000, 0x0000000083600000, 0x0000000083700000|  0%| F|  |TAMS 0x0000000083600000, 0x0000000083600000| Untracked 
|  19|0x0000000083700000, 0x0000000083700000, 0x0000000083800000|  0%| F|  |TAMS 0x0000000083700000, 0x0000000083700000| Untracked 
|  20|0x0000000083800000, 0x0000000083800000, 0x0000000083900000|  0%| F|  |TAMS 0x0000000083800000, 0x0000000083800000| Untracked 
|  21|0x0000000083900000, 0x0000000083900000, 0x0000000083a00000|  0%| F|  |TAMS 0x0000000083900000, 0x0000000083900000| Untracked 
|  22|0x0000000083a00000, 0x0000000083a00000, 0x0000000083b00000|  0%| F|  |TAMS 0x0000000083a00000, 0x0000000083a00000| Untracked 
|  23|0x0000000083b00000, 0x0000000083b00000, 0x0000000083c00000|  0%| F|  |TAMS 0x0000000083b00000, 0x0000000083b00000| Untracked 
|  24|0x0000000083c00000, 0x0000000083c00000, 0x0000000083d00000|  0%| F|  |TAMS 0x0000000083c00000, 0x0000000083c00000| Untracked 
|  25|0x0000000083d00000, 0x0000000083d00000, 0x0000000083e00000|  0%| F|  |TAMS 0x0000000083d00000, 0x0000000083d00000| Untracked 
|  26|0x0000000083e00000, 0x0000000083e00000, 0x0000000083f00000|  0%| F|  |TAMS 0x0000000083e00000, 0x0000000083e00000| Untracked 
|  27|0x0000000083f00000, 0x0000000083f00000, 0x0000000084000000|  0%| F|  |TAMS 0x0000000083f00000, 0x0000000083f00000| Untracked 
|  28|0x0000000084000000, 0x0000000084000000, 0x0000000084100000|  0%| F|  |TAMS 0x0000000084000000, 0x0000000084000000| Untracked 
|  29|0x0000000084100000, 0x0000000084100000, 0x0000000084200000|  0%| F|  |TAMS 0x0000000084100000, 0x0000000084100000| Untracked 
|  30|0x0000000084200000, 0x0000000084200000, 0x0000000084300000|  0%| F|  |TAMS 0x0000000084200000, 0x0000000084200000| Untracked 
|  31|0x0000000084300000, 0x0000000084300000, 0x0000000084400000|  0%| F|  |TAMS 0x0000000084300000, 0x0000000084300000| Untracked 
|  32|0x0000000084400000, 0x0000000084400000, 0x0000000084500000|  0%| F|  |TAMS 0x0000000084400000, 0x0000000084400000| Untracked 
|  33|0x0000000084500000, 0x0000000084500000, 0x0000000084600000|  0%| F|  |TAMS 0x0000000084500000, 0x0000000084500000| Untracked 
|  34|0x0000000084600000, 0x0000000084600000, 0x0000000084700000|  0%| F|  |TAMS 0x0000000084600000, 0x0000000084600000| Untracked 
|  35|0x0000000084700000, 0x0000000084700000, 0x0000000084800000|  0%| F|  |TAMS 0x0000000084700000, 0x0000000084700000| Untracked 
|  36|0x0000000084800000, 0x0000000084800000, 0x0000000084900000|  0%| F|  |TAMS 0x0000000084800000, 0x0000000084800000| Untracked 
|  37|0x0000000084900000, 0x0000000084900000, 0x0000000084a00000|  0%| F|  |TAMS 0x0000000084900000, 0x0000000084900000| Untracked 
|  38|0x0000000084a00000, 0x0000000084a00000, 0x0000000084b00000|  0%| F|  |TAMS 0x0000000084a00000, 0x0000000084a00000| Untracked 
|  39|0x0000000084b00000, 0x0000000084b00000, 0x0000000084c00000|  0%| F|  |TAMS 0x0000000084b00000, 0x0000000084b00000| Untracked 
|  40|0x0000000084c00000, 0x0000000084c00000, 0x0000000084d00000|  0%| F|  |TAMS 0x0000000084c00000, 0x0000000084c00000| Untracked 
|  41|0x0000000084d00000, 0x0000000084d00000, 0x0000000084e00000|  0%| F|  |TAMS 0x0000000084d00000, 0x0000000084d00000| Untracked 
|  42|0x0000000084e00000, 0x0000000084e00000, 0x0000000084f00000|  0%| F|  |TAMS 0x0000000084e00000, 0x0000000084e00000| Untracked 
|  43|0x0000000084f00000, 0x0000000084f00000, 0x0000000085000000|  0%| F|  |TAMS 0x0000000084f00000, 0x0000000084f00000| Untracked 
|  44|0x0000000085000000, 0x0000000085000000, 0x0000000085100000|  0%| F|  |TAMS 0x0000000085000000, 0x0000000085000000| Untracked 
|  45|0x0000000085100000, 0x0000000085100000, 0x0000000085200000|  0%| F|  |TAMS 0x0000000085100000, 0x0000000085100000| Untracked 
|  46|0x0000000085200000, 0x0000000085200000, 0x0000000085300000|  0%| F|  |TAMS 0x0000000085200000, 0x0000000085200000| Untracked 
|  47|0x0000000085300000, 0x0000000085300000, 0x0000000085400000|  0%| F|  |TAMS 0x0000000085300000, 0x0000000085300000| Untracked 
|  48|0x0000000085400000, 0x0000000085400000, 0x0000000085500000|  0%| F|  |TAMS 0x0000000085400000, 0x0000000085400000| Untracked 
|  49|0x0000000085500000, 0x0000000085500000, 0x0000000085600000|  0%| F|  |TAMS 0x0000000085500000, 0x0000000085500000| Untracked 
|  50|0x0000000085600000, 0x0000000085600000, 0x0000000085700000|  0%| F|  |TAMS 0x0000000085600000, 0x0000000085600000| Untracked 
|  51|0x0000000085700000, 0x0000000085700000, 0x0000000085800000|  0%| F|  |TAMS 0x0000000085700000, 0x0000000085700000| Untracked 
|  52|0x0000000085800000, 0x0000000085800000, 0x0000000085900000|  0%| F|  |TAMS 0x0000000085800000, 0x0000000085800000| Untracked 
|  53|0x0000000085900000, 0x0000000085900000, 0x0000000085a00000|  0%| F|  |TAMS 0x0000000085900000, 0x0000000085900000| Untracked 
|  54|0x0000000085a00000, 0x0000000085a00000, 0x0000000085b00000|  0%| F|  |TAMS 0x0000000085a00000, 0x0000000085a00000| Untracked 
|  55|0x0000000085b00000, 0x0000000085b00000, 0x0000000085c00000|  0%| F|  |TAMS 0x0000000085b00000, 0x0000000085b00000| Untracked 
|  56|0x0000000085c00000, 0x0000000085c00000, 0x0000000085d00000|  0%| F|  |TAMS 0x0000000085c00000, 0x0000000085c00000| Untracked 
|  57|0x0000000085d00000, 0x0000000085d00000, 0x0000000085e00000|  0%| F|  |TAMS 0x0000000085d00000, 0x0000000085d00000| Untracked 
|  58|0x0000000085e00000, 0x0000000085e00000, 0x0000000085f00000|  0%| F|  |TAMS 0x0000000085e00000, 0x0000000085e00000| Untracked 
|  59|0x0000000085f00000, 0x0000000085f00000, 0x0000000086000000|  0%| F|  |TAMS 0x0000000085f00000, 0x0000000085f00000| Untracked 
|  60|0x0000000086000000, 0x0000000086000000, 0x0000000086100000|  0%| F|  |TAMS 0x0000000086000000, 0x0000000086000000| Untracked 
|  61|0x0000000086100000, 0x0000000086100000, 0x0000000086200000|  0%| F|  |TAMS 0x0000000086100000, 0x0000000086100000| Untracked 
|  62|0x0000000086200000, 0x0000000086200000, 0x0000000086300000|  0%| F|  |TAMS 0x0000000086200000, 0x0000000086200000| Untracked 
|  63|0x0000000086300000, 0x0000000086300000, 0x0000000086400000|  0%| F|  |TAMS 0x0000000086300000, 0x0000000086300000| Untracked 
|  64|0x0000000086400000, 0x0000000086400000, 0x0000000086500000|  0%| F|  |TAMS 0x0000000086400000, 0x0000000086400000| Untracked 
|  65|0x0000000086500000, 0x0000000086500000, 0x0000000086600000|  0%| F|  |TAMS 0x0000000086500000, 0x0000000086500000| Untracked 
|  66|0x0000000086600000, 0x0000000086600000, 0x0000000086700000|  0%| F|  |TAMS 0x0000000086600000, 0x0000000086600000| Untracked 
|  67|0x0000000086700000, 0x0000000086700000, 0x0000000086800000|  0%| F|  |TAMS 0x0000000086700000, 0x0000000086700000| Untracked 
|  68|0x0000000086800000, 0x0000000086800000, 0x0000000086900000|  0%| F|  |TAMS 0x0000000086800000, 0x0000000086800000| Untracked 
|  69|0x0000000086900000, 0x0000000086900000, 0x0000000086a00000|  0%| F|  |TAMS 0x0000000086900000, 0x0000000086900000| Untracked 
|  70|0x0000000086a00000, 0x0000000086a00000, 0x0000000086b00000|  0%| F|  |TAMS 0x0000000086a00000, 0x0000000086a00000| Untracked 
|  71|0x0000000086b00000, 0x0000000086b00000, 0x0000000086c00000|  0%| F|  |TAMS 0x0000000086b00000, 0x0000000086b00000| Untracked 
|  72|0x0000000086c00000, 0x0000000086c00000, 0x0000000086d00000|  0%| F|  |TAMS 0x0000000086c00000, 0x0000000086c00000| Untracked 
|  73|0x0000000086d00000, 0x0000000086d00000, 0x0000000086e00000|  0%| F|  |TAMS 0x0000000086d00000, 0x0000000086d00000| Untracked 
|  74|0x0000000086e00000, 0x0000000086e00000, 0x0000000086f00000|  0%| F|  |TAMS 0x0000000086e00000, 0x0000000086e00000| Untracked 
|  75|0x0000000086f00000, 0x0000000086f00000, 0x0000000087000000|  0%| F|  |TAMS 0x0000000086f00000, 0x0000000086f00000| Untracked 
|  76|0x0000000087000000, 0x0000000087000000, 0x0000000087100000|  0%| F|  |TAMS 0x0000000087000000, 0x0000000087000000| Untracked 
|  77|0x0000000087100000, 0x0000000087100000, 0x0000000087200000|  0%| F|  |TAMS 0x0000000087100000, 0x0000000087100000| Untracked 
|  78|0x0000000087200000, 0x0000000087200000, 0x0000000087300000|  0%| F|  |TAMS 0x0000000087200000, 0x0000000087200000| Untracked 
|  79|0x0000000087300000, 0x0000000087300000, 0x0000000087400000|  0%| F|  |TAMS 0x0000000087300000, 0x0000000087300000| Untracked 
|  80|0x0000000087400000, 0x0000000087400000, 0x0000000087500000|  0%| F|  |TAMS 0x0000000087400000, 0x0000000087400000| Untracked 
|  81|0x0000000087500000, 0x0000000087500000, 0x0000000087600000|  0%| F|  |TAMS 0x0000000087500000, 0x0000000087500000| Untracked 
|  82|0x0000000087600000, 0x0000000087600000, 0x0000000087700000|  0%| F|  |TAMS 0x0000000087600000, 0x0000000087600000| Untracked 
|  83|0x0000000087700000, 0x0000000087700000, 0x0000000087800000|  0%| F|  |TAMS 0x0000000087700000, 0x0000000087700000| Untracked 
|  84|0x0000000087800000, 0x0000000087800000, 0x0000000087900000|  0%| F|  |TAMS 0x0000000087800000, 0x0000000087800000| Untracked 
|  85|0x0000000087900000, 0x0000000087900000, 0x0000000087a00000|  0%| F|  |TAMS 0x0000000087900000, 0x0000000087900000| Untracked 
|  86|0x0000000087a00000, 0x0000000087a00000, 0x0000000087b00000|  0%| F|  |TAMS 0x0000000087a00000, 0x0000000087a00000| Untracked 
|  87|0x0000000087b00000, 0x0000000087b00000, 0x0000000087c00000|  0%| F|  |TAMS 0x0000000087b00000, 0x0000000087b00000| Untracked 
|  88|0x0000000087c00000, 0x0000000087c00000, 0x0000000087d00000|  0%| F|  |TAMS 0x0000000087c00000, 0x0000000087c00000| Untracked 
|  89|0x0000000087d00000, 0x0000000087d00000, 0x0000000087e00000|  0%| F|  |TAMS 0x0000000087d00000, 0x0000000087d00000| Untracked 
|  90|0x0000000087e00000, 0x0000000087e00000, 0x0000000087f00000|  0%| F|  |TAMS 0x0000000087e00000, 0x0000000087e00000| Untracked 
|  91|0x0000000087f00000, 0x0000000087f00000, 0x0000000088000000|  0%| F|  |TAMS 0x0000000087f00000, 0x0000000087f00000| Untracked 
|  92|0x0000000088000000, 0x0000000088000000, 0x0000000088100000|  0%| F|  |TAMS 0x0000000088000000, 0x0000000088000000| Untracked 
|  93|0x0000000088100000, 0x0000000088100000, 0x0000000088200000|  0%| F|  |TAMS 0x0000000088100000, 0x0000000088100000| Untracked 
|  94|0x0000000088200000, 0x0000000088200000, 0x0000000088300000|  0%| F|  |TAMS 0x0000000088200000, 0x0000000088200000| Untracked 
|  95|0x0000000088300000, 0x0000000088300000, 0x0000000088400000|  0%| F|  |TAMS 0x0000000088300000, 0x0000000088300000| Untracked 
|  96|0x0000000088400000, 0x0000000088400000, 0x0000000088500000|  0%| F|  |TAMS 0x0000000088400000, 0x0000000088400000| Untracked 
|  97|0x0000000088500000, 0x0000000088500000, 0x0000000088600000|  0%| F|  |TAMS 0x0000000088500000, 0x0000000088500000| Untracked 
|  98|0x0000000088600000, 0x0000000088600000, 0x0000000088700000|  0%| F|  |TAMS 0x0000000088600000, 0x0000000088600000| Untracked 
|  99|0x0000000088700000, 0x0000000088700000, 0x0000000088800000|  0%| F|  |TAMS 0x0000000088700000, 0x0000000088700000| Untracked 
| 100|0x0000000088800000, 0x0000000088800000, 0x0000000088900000|  0%| F|  |TAMS 0x0000000088800000, 0x0000000088800000| Untracked 
| 101|0x0000000088900000, 0x0000000088900000, 0x0000000088a00000|  0%| F|  |TAMS 0x0000000088900000, 0x0000000088900000| Untracked 
| 102|0x0000000088a00000, 0x0000000088a00000, 0x0000000088b00000|  0%| F|  |TAMS 0x0000000088a00000, 0x0000000088a00000| Untracked 
| 103|0x0000000088b00000, 0x0000000088b00000, 0x0000000088c00000|  0%| F|  |TAMS 0x0000000088b00000, 0x0000000088b00000| Untracked 
| 104|0x0000000088c00000, 0x0000000088c00000, 0x0000000088d00000|  0%| F|  |TAMS 0x0000000088c00000, 0x0000000088c00000| Untracked 
| 105|0x0000000088d00000, 0x0000000088d00000, 0x0000000088e00000|  0%| F|  |TAMS 0x0000000088d00000, 0x0000000088d00000| Untracked 
| 106|0x0000000088e00000, 0x0000000088e00000, 0x0000000088f00000|  0%| F|  |TAMS 0x0000000088e00000, 0x0000000088e00000| Untracked 
| 107|0x0000000088f00000, 0x0000000088f00000, 0x0000000089000000|  0%| F|  |TAMS 0x0000000088f00000, 0x0000000088f00000| Untracked 
| 108|0x0000000089000000, 0x0000000089000000, 0x0000000089100000|  0%| F|  |TAMS 0x0000000089000000, 0x0000000089000000| Untracked 
| 109|0x0000000089100000, 0x00000000891f9218, 0x0000000089200000| 97%| E|  |TAMS 0x0000000089100000, 0x0000000089100000| Complete 
| 110|0x0000000089200000, 0x0000000089300000, 0x0000000089300000|100%| E|CS|TAMS 0x0000000089200000, 0x0000000089200000| Complete 
| 111|0x0000000089300000, 0x0000000089400000, 0x0000000089400000|100%| E|CS|TAMS 0x0000000089300000, 0x0000000089300000| Complete 
| 112|0x0000000089400000, 0x0000000089500000, 0x0000000089500000|100%| E|CS|TAMS 0x0000000089400000, 0x0000000089400000| Complete 
| 113|0x0000000089500000, 0x0000000089600000, 0x0000000089600000|100%| E|CS|TAMS 0x0000000089500000, 0x0000000089500000| Complete 
| 114|0x0000000089600000, 0x0000000089700000, 0x0000000089700000|100%| E|CS|TAMS 0x0000000089600000, 0x0000000089600000| Complete 
| 115|0x0000000089700000, 0x0000000089800000, 0x0000000089800000|100%| E|CS|TAMS 0x0000000089700000, 0x0000000089700000| Complete 
| 116|0x0000000089800000, 0x0000000089900000, 0x0000000089900000|100%| E|CS|TAMS 0x0000000089800000, 0x0000000089800000| Complete 
| 117|0x0000000089900000, 0x0000000089a00000, 0x0000000089a00000|100%| E|CS|TAMS 0x0000000089900000, 0x0000000089900000| Complete 
| 118|0x0000000089a00000, 0x0000000089b00000, 0x0000000089b00000|100%| E|CS|TAMS 0x0000000089a00000, 0x0000000089a00000| Complete 
| 119|0x0000000089b00000, 0x0000000089c00000, 0x0000000089c00000|100%| E|CS|TAMS 0x0000000089b00000, 0x0000000089b00000| Complete 
| 120|0x0000000089c00000, 0x0000000089d00000, 0x0000000089d00000|100%| E|CS|TAMS 0x0000000089c00000, 0x0000000089c00000| Complete 
| 121|0x0000000089d00000, 0x0000000089e00000, 0x0000000089e00000|100%| E|CS|TAMS 0x0000000089d00000, 0x0000000089d00000| Complete 
| 122|0x0000000089e00000, 0x0000000089f00000, 0x0000000089f00000|100%| E|CS|TAMS 0x0000000089e00000, 0x0000000089e00000| Complete 
| 123|0x0000000089f00000, 0x000000008a000000, 0x000000008a000000|100%| E|CS|TAMS 0x0000000089f00000, 0x0000000089f00000| Complete 
| 124|0x000000008a000000, 0x000000008a100000, 0x000000008a100000|100%| E|CS|TAMS 0x000000008a000000, 0x000000008a000000| Complete 
| 125|0x000000008a100000, 0x000000008a200000, 0x000000008a200000|100%| E|CS|TAMS 0x000000008a100000, 0x000000008a100000| Complete 

Card table byte_map: [0x000001efc75d0000,0x000001efc79c0000] _byte_map_base: 0x000001efc71be000

Marking Bits (Prev, Next): (CMBitMap*) 0x000001efaf73e918, (CMBitMap*) 0x000001efaf73e958
 Prev Bits: [0x000001efc7db0000, 0x000001efc9d20000)
 Next Bits: [0x000001efc9d20000, 0x000001efcbc90000)

Polling page: 0x000001efaeee0000

Metaspace:

Usage:
  Non-class:      7.93 MB capacity,     7.80 MB ( 98%) used,   114.70 KB (  1%) free+waste,    18.81 KB ( <1%) overhead. 
      Class:      1.03 MB capacity,   967.07 KB ( 92%) used,    72.62 KB (  7%) free+waste,    12.31 KB (  1%) overhead. 
       Both:      8.95 MB capacity,     8.74 MB ( 98%) used,   187.31 KB (  2%) free+waste,    31.13 KB ( <1%) overhead. 

Virtual space:
  Non-class space:        8.00 MB reserved,       8.00 MB (100%) committed 
      Class space:        1.00 GB reserved,       1.13 MB ( <1%) committed 
             Both:        1.01 GB reserved,       9.13 MB ( <1%) committed 

Chunk freelists:
   Non-Class:  12.00 KB
       Class:  4.00 KB
        Both:  16.00 KB

MaxMetaspaceSize: 17179869184.00 GB
CompressedClassSpaceSize: 1.00 GB

CodeHeap 'non-profiled nmethods': size=120000Kb used=712Kb max_used=712Kb free=119287Kb
 bounds [0x000001efbf980000, 0x000001efbfbf0000, 0x000001efc6eb0000]
CodeHeap 'profiled nmethods': size=120000Kb used=3171Kb max_used=3171Kb free=116828Kb
 bounds [0x000001efb8450000, 0x000001efb8770000, 0x000001efbf980000]
CodeHeap 'non-nmethods': size=5760Kb used=1275Kb max_used=1318Kb free=4484Kb
 bounds [0x000001efb7eb0000, 0x000001efb8120000, 0x000001efb8450000]
 total_blobs=2280 nmethods=1719 adapters=473
 compilation: enabled
              stopped_count=0, restarted_count=0
 full_count=0

Compilation events (20 events):
Event: 103.219 Thread 0x000001efce6e4000 1710       3       javax.swing.RepaintManager::updateWindows (161 bytes)
Event: 103.220 Thread 0x000001efce6e4000 nmethod 1710 0x000001efb8763510 code [0x000001efb87638e0, 0x000001efb8765d38]
Event: 103.220 Thread 0x000001efce6e4000 1708   !   3       javax.swing.RepaintManager$ProcessingRunnable::run (41 bytes)
Event: 103.220 Thread 0x000001efce6e4000 nmethod 1708 0x000001efb8766590 code [0x000001efb8766760, 0x000001efb8766b28]
Event: 103.221 Thread 0x000001efce6e4000 1711       3       javax.swing.DefaultButtonModel::isArmed (15 bytes)
Event: 103.221 Thread 0x000001efce6e4000 nmethod 1711 0x000001efb8766c90 code [0x000001efb8766e20, 0x000001efb8766f98]
Event: 104.067 Thread 0x000001efce6db800 1712  s    4       sun.java2d.loops.GraphicsPrimitiveMgr::locatePrim (95 bytes)
Event: 104.074 Thread 0x000001efce6db800 nmethod 1712 0x000001efbfa30310 code [0x000001efbfa30540, 0x000001efbfa31058]
Event: 104.171 Thread 0x000001efce6db800 1713       4       javax.swing.JComponent::getWidth (5 bytes)
Event: 104.172 Thread 0x000001efce6db800 nmethod 1713 0x000001efbfa31690 code [0x000001efbfa31800, 0x000001efbfa31878]
Event: 104.226 Thread 0x000001efce6db800 1714       4       sun.awt.windows.WObjectPeer::getPeerForTarget (10 bytes)
Event: 104.227 Thread 0x000001efce6db800 nmethod 1714 0x000001efbfa31990 code [0x000001efbfa31b60, 0x000001efbfa31ce8]
Event: 104.287 Thread 0x000001efce6e4000 1715       3       java.util.LinkedList::linkFirst (59 bytes)
Event: 104.287 Thread 0x000001efce6e4000 nmethod 1715 0x000001efb8767010 code [0x000001efb87671e0, 0x000001efb8767658]
Event: 3862.135 Thread 0x000001efce6e4000 1716       3       jdk.internal.org.objectweb.asm.MethodWriter::visitInsn (115 bytes)
Event: 3862.136 Thread 0x000001efce6e4000 nmethod 1716 0x000001efb8767790 code [0x000001efb8767980, 0x000001efb8767da8]
Event: 3862.173 Thread 0x000001efce6e4000 1718       3       sun.invoke.util.VerifyAccess::isTypeVisible (47 bytes)
Event: 3862.173 Thread 0x000001efce6e4000 nmethod 1718 0x000001efb8767f90 code [0x000001efb8768160, 0x000001efb8768538]
Event: 3862.174 Thread 0x000001efce6e4000 1719       3       java.util.HashMap$HashIterator::<init> (79 bytes)
Event: 3862.174 Thread 0x000001efce6e4000 nmethod 1719 0x000001efb8768710 code [0x000001efb87688c0, 0x000001efb8768cf8]

GC Heap History (0 events):
No events

Deoptimization events (20 events):
Event: 105.091 Thread 0x000001efcf365000 Uncommon trap: trap_request=0xffffffde fr.pc=0x000001efbfa23ac4 relative=0x0000000000000284
Event: 105.091 Thread 0x000001efcf365000 Uncommon trap: reason=class_check action=maybe_recompile pc=0x000001efbfa23ac4 method=java.awt.EventQueue.dispatchEventImpl(Ljava/awt/AWTEvent;Ljava/lang/Object;)V @ 18 c2
Event: 105.091 Thread 0x000001efcf365000 DEOPT PACKING pc=0x000001efbfa23ac4 sp=0x0000001aebafeaf0
Event: 105.091 Thread 0x000001efcf365000 DEOPT UNPACKING pc=0x000001efb7ef912f sp=0x0000001aebafea78 mode 2
Event: 105.091 Thread 0x000001efcf365000 Uncommon trap: trap_request=0xffffffde fr.pc=0x000001efbfa17848 relative=0x0000000000001ee8
Event: 105.091 Thread 0x000001efcf365000 Uncommon trap: reason=class_check action=maybe_recompile pc=0x000001efbfa17848 method=java.awt.EventQueue.dispatchEventImpl(Ljava/awt/AWTEvent;Ljava/lang/Object;)V @ 18 c2
Event: 105.091 Thread 0x000001efcf365000 DEOPT PACKING pc=0x000001efbfa17848 sp=0x0000001aebafebc0
Event: 105.091 Thread 0x000001efcf365000 DEOPT UNPACKING pc=0x000001efb7ef912f sp=0x0000001aebafe908 mode 2
Event: 3862.174 Thread 0x000001efcf365000 Uncommon trap: trap_request=0xffffff45 fr.pc=0x000001efbf9f8184 relative=0x00000000000003c4
Event: 3862.174 Thread 0x000001efcf365000 Uncommon trap: reason=unstable_if action=reinterpret pc=0x000001efbf9f8184 method=java.awt.EventQueue.eventToCacheIndex(Ljava/awt/AWTEvent;)I @ 71 c2
Event: 3862.174 Thread 0x000001efcf365000 DEOPT PACKING pc=0x000001efbf9f8184 sp=0x0000001aebafeba0
Event: 3862.174 Thread 0x000001efcf365000 DEOPT UNPACKING pc=0x000001efb7ef912f sp=0x0000001aebafea70 mode 2
Event: 3862.174 Thread 0x000001efcf365000 Uncommon trap: trap_request=0xffffffde fr.pc=0x000001efbfa05a8c relative=0x00000000000007ec
Event: 3862.174 Thread 0x000001efcf365000 Uncommon trap: reason=class_check action=maybe_recompile pc=0x000001efbfa05a8c method=java.awt.EventQueue.setCurrentEventAndMostRecentTimeImpl(Ljava/awt/AWTEvent;)V @ 141 c2
Event: 3862.174 Thread 0x000001efcf365000 DEOPT PACKING pc=0x000001efbfa05a8c sp=0x0000001aebafea90
Event: 3862.174 Thread 0x000001efcf365000 DEOPT UNPACKING pc=0x000001efb7ef912f sp=0x0000001aebafea30 mode 2
Event: 3862.174 Thread 0x000001efcf365000 Uncommon trap: trap_request=0xffffffde fr.pc=0x000001efbfa23ac4 relative=0x0000000000000284
Event: 3862.174 Thread 0x000001efcf365000 Uncommon trap: reason=class_check action=maybe_recompile pc=0x000001efbfa23ac4 method=java.awt.EventQueue.dispatchEventImpl(Ljava/awt/AWTEvent;Ljava/lang/Object;)V @ 18 c2
Event: 3862.174 Thread 0x000001efcf365000 DEOPT PACKING pc=0x000001efbfa23ac4 sp=0x0000001aebafeaf0
Event: 3862.174 Thread 0x000001efcf365000 DEOPT UNPACKING pc=0x000001efb7ef912f sp=0x0000001aebafea78 mode 2

Classes unloaded (0 events):
No events

Classes redefined (0 events):
No events

Internal exceptions (14 events):
Event: 0.059 Thread 0x000001efaf6f8000 Exception <a 'java/lang/ClassNotFoundException'{0x000000008a037a18}: sun/awt/resources/spi/awtProvider> (0x000000008a037a18) 
thrown [./open/src/hotspot/share/classfile/systemDictionary.cpp, line 226]
Event: 0.079 Thread 0x000001efaf6f8000 Exception <a 'java/io/FileNotFoundException'{0x000000008a090548}> (0x000000008a090548) 
thrown [./open/src/hotspot/share/prims/jni.cpp, line 599]
Event: 0.083 Thread 0x000001efaf6f8000 Exception <a 'java/io/FileNotFoundException'{0x000000008a0b69b0}> (0x000000008a0b69b0) 
thrown [./open/src/hotspot/share/prims/jni.cpp, line 599]
Event: 0.132 Thread 0x000001efcf350800 Exception <a 'java/lang/NoSuchMethodError'{0x0000000089f7b338}: 'void java.lang.invoke.DirectMethodHandle$Holder.invokeSpecial(java.lang.Object, java.lang.Object)'> (0x0000000089f7b338) 
thrown [./open/src/hotspot/share/interpreter/linkResolver.cpp, line 766]
Event: 0.165 Thread 0x000001efcf365000 Exception <a 'java/lang/NoSuchMethodError'{0x0000000089e5b898}: 'java.lang.Object java.lang.invoke.DirectMethodHandle$Holder.invokeStatic(java.lang.Object, int, java.lang.Object, java.lang.Object, java.lang.Object, java.lang.Object)'> (0x0000000089e5b898) 
thrown [./open/src/hotspot/share/interpreter/linkResolver.cpp, line 766]
Event: 0.166 Thread 0x000001efcf365000 Exception <a 'java/lang/NoSuchMethodError'{0x0000000089e621b8}: 'java.lang.Object java.lang.invoke.DirectMethodHandle$Holder.invokeStatic(java.lang.Object, int, java.lang.Object, java.lang.Object, java.lang.Object)'> (0x0000000089e621b8) 
thrown [./open/src/hotspot/share/interpreter/linkResolver.cpp, line 766]
Event: 0.166 Thread 0x000001efcf365000 Exception <a 'java/lang/NoSuchMethodError'{0x0000000089e65a08}: 'java.lang.Object java.lang.invoke.DirectMethodHandle$Holder.invokeSpecial(java.lang.Object, java.lang.Object, int, java.lang.Object, java.lang.Object, java.lang.Object)'> (0x0000000089e65a08) 
thrown [./open/src/hotspot/share/interpreter/linkResolver.cpp, line 766]
Event: 0.168 Thread 0x000001efcf365000 Exception <a 'java/lang/NoSuchMethodError'{0x0000000089e7bff0}: 'java.lang.Object java.lang.invoke.DirectMethodHandle$Holder.invokeStatic(java.lang.Object, int, java.lang.Object)'> (0x0000000089e7bff0) 
thrown [./open/src/hotspot/share/interpreter/linkResolver.cpp, line 766]
Event: 0.181 Thread 0x000001efcf365000 Exception <a 'java/lang/ClassNotFoundException'{0x0000000089d1fbb8}: com/sun/swing/internal/plaf/metal/resources/spi/metalProvider> (0x0000000089d1fbb8) 
thrown [./open/src/hotspot/share/classfile/systemDictionary.cpp, line 226]
Event: 0.182 Thread 0x000001efcf365000 Exception <a 'java/lang/ClassNotFoundException'{0x0000000089d23f10}: com/sun/swing/internal/plaf/basic/resources/spi/basicProvider> (0x0000000089d23f10) 
thrown [./open/src/hotspot/share/classfile/systemDictionary.cpp, line 226]
Event: 0.237 Thread 0x000001efcf365000 Exception <a 'java/lang/NoSuchMethodError'{0x0000000089deccb8}: 'void java.lang.invoke.DirectMethodHandle$Holder.invokeStaticInit(java.lang.Object)'> (0x0000000089deccb8) 
thrown [./open/src/hotspot/share/interpreter/linkResolver.cpp, line 766]
Event: 0.254 Thread 0x000001efcf365000 Exception <a 'java/lang/NoSuchMethodError'{0x0000000089c43ae8}: 'java.lang.Object java.lang.invoke.Invokers$Holder.linkToTargetMethod(java.lang.Object, int, java.lang.Object)'> (0x0000000089c43ae8) 
thrown [./open/src/hotspot/share/interpreter/linkResolver.cpp, line 766]
Event: 105.090 Thread 0x000001efcf365000 Implicit null exception at 0x000001efbfa270f4 to 0x000001efbfa278b8
Event: 3862.152 Thread 0x000001efcf365000 Exception <a 'java/lang/NoSuchMethodError'{0x00000000891b9c70}: 'void java.lang.invoke.DirectMethodHandle$Holder.invokeVirtual(java.lang.Object, java.lang.Object)'> (0x00000000891b9c70) 
thrown [./open/src/hotspot/share/interpreter/linkResolver.cpp, line 766]

Events (20 events):
Event: 102.053 Executing VM operation: HandshakeAllThreads
Event: 102.054 Executing VM operation: HandshakeAllThreads done
Event: 102.460 loading class java/awt/LightweightDispatcher$2
Event: 102.460 loading class java/awt/LightweightDispatcher$2 done
Event: 105.085 loading class java/awt/KeyboardFocusManager$2
Event: 105.085 loading class java/awt/KeyboardFocusManager$2 done
Event: 105.085 loading class sun/awt/SunToolkit$1
Event: 105.085 loading class sun/awt/SunToolkit$1 done
Event: 3842.917 loading class java/awt/desktop/SystemSleepListener
Event: 3842.917 loading class java/awt/desktop/SystemEventListener
Event: 3842.917 loading class java/awt/desktop/SystemEventListener done
Event: 3842.917 loading class java/awt/desktop/SystemSleepListener done
Event: 3862.151 loading class java/util/WeakHashMap$KeyIterator
Event: 3862.151 loading class java/util/WeakHashMap$HashIterator
Event: 3862.151 loading class java/util/WeakHashMap$HashIterator done
Event: 3862.151 loading class java/util/WeakHashMap$KeyIterator done
Event: 3862.152 Executing VM operation: HandshakeOneThread
Event: 3862.152 Executing VM operation: HandshakeOneThread done
Event: 3862.174 loading class javax/swing/RepaintManager$DisplayChangedRunnable
Event: 3862.174 loading class javax/swing/RepaintManager$DisplayChangedRunnable done


Dynamic libraries:
0x00007ff74dec0000 - 0x00007ff74decf000 	C:\Program Files\Java\jdk-14.0.2\bin\javaw.exe
0x00007ffaee630000 - 0x00007ffaee826000 	C:\WINDOWS\SYSTEM32\ntdll.dll
0x00007ffaee1d0000 - 0x00007ffaee28d000 	C:\WINDOWS\System32\KERNEL32.DLL
0x00007ffaebd70000 - 0x00007ffaec039000 	C:\WINDOWS\System32\KERNELBASE.dll
0x00007ffaec460000 - 0x00007ffaec560000 	C:\WINDOWS\System32\ucrtbase.dll
0x00007ffae5ee0000 - 0x00007ffae5ef5000 	C:\Program Files\Java\jdk-14.0.2\bin\VCRUNTIME140.dll
0x00007ffadd470000 - 0x00007ffadd488000 	C:\Program Files\Java\jdk-14.0.2\bin\jli.dll
0x00007ffaed230000 - 0x00007ffaed2dc000 	C:\WINDOWS\System32\ADVAPI32.dll
0x00007ffaec690000 - 0x00007ffaec72e000 	C:\WINDOWS\System32\msvcrt.dll
0x00007ffaee3d0000 - 0x00007ffaee46c000 	C:\WINDOWS\System32\sechost.dll
0x00007ffaedff0000 - 0x00007ffaee11b000 	C:\WINDOWS\System32\RPCRT4.dll
0x00007ffaed3f0000 - 0x00007ffaed590000 	C:\WINDOWS\System32\USER32.dll
0x00007ffaec430000 - 0x00007ffaec452000 	C:\WINDOWS\System32\win32u.dll
0x00007ffaed1e0000 - 0x00007ffaed20a000 	C:\WINDOWS\System32\GDI32.dll
0x00007ffad5210000 - 0x00007ffad54ab000 	C:\WINDOWS\WinSxS\amd64_microsoft.windows.common-controls_6595b64144ccf1df_6.0.19041.488_none_ca04af081b815d21\COMCTL32.dll
0x00007ffaec0c0000 - 0x00007ffaec1c9000 	C:\WINDOWS\System32\gdi32full.dll
0x00007ffaec390000 - 0x00007ffaec42d000 	C:\WINDOWS\System32\msvcp_win.dll
0x00007ffae6a60000 - 0x00007ffae6a6a000 	C:\WINDOWS\SYSTEM32\VERSION.dll
0x00007ffaed0e0000 - 0x00007ffaed110000 	C:\WINDOWS\System32\IMM32.DLL
0x00007ffabc590000 - 0x00007ffabc62b000 	C:\Program Files\Java\jdk-14.0.2\bin\msvcp140.dll
0x00007ffaa02b0000 - 0x00007ffaa0dce000 	C:\Program Files\Java\jdk-14.0.2\bin\server\jvm.dll
0x00007ffaec730000 - 0x00007ffaec738000 	C:\WINDOWS\System32\PSAPI.DLL
0x00007ffad5b50000 - 0x00007ffad5b77000 	C:\WINDOWS\SYSTEM32\WINMM.dll
0x00007ffae5850000 - 0x00007ffae5859000 	C:\WINDOWS\SYSTEM32\WSOCK32.dll
0x00007ffaecfc0000 - 0x00007ffaed02b000 	C:\WINDOWS\System32\WS2_32.dll
0x00007ffaea650000 - 0x00007ffaea662000 	C:\WINDOWS\SYSTEM32\kernel.appcore.dll
0x00007ffae5130000 - 0x00007ffae513a000 	C:\Program Files\Java\jdk-14.0.2\bin\jimage.dll
0x00007ffae9bd0000 - 0x00007ffae9db4000 	C:\WINDOWS\SYSTEM32\DBGHELP.DLL
0x00007ffae3fe0000 - 0x00007ffae400c000 	C:\WINDOWS\SYSTEM32\dbgcore.DLL
0x00007ffaec560000 - 0x00007ffaec5e0000 	C:\WINDOWS\System32\bcryptPrimitives.dll
0x00007ffac3aa0000 - 0x00007ffac3ac5000 	C:\Program Files\Java\jdk-14.0.2\bin\java.dll
0x00007ffada9f0000 - 0x00007ffadaa06000 	C:\Program Files\Java\jdk-14.0.2\bin\zip.dll
0x00007ffaec740000 - 0x00007ffaece82000 	C:\WINDOWS\System32\SHELL32.dll
0x00007ffae9ea0000 - 0x00007ffaea635000 	C:\WINDOWS\SYSTEM32\windows.storage.dll
0x00007ffaedc80000 - 0x00007ffaedfd6000 	C:\WINDOWS\System32\combase.dll
0x00007ffaeb7e0000 - 0x00007ffaeb80c000 	C:\WINDOWS\SYSTEM32\Wldp.dll
0x00007ffaee120000 - 0x00007ffaee1ce000 	C:\WINDOWS\System32\SHCORE.dll
0x00007ffaed750000 - 0x00007ffaed7a5000 	C:\WINDOWS\System32\shlwapi.dll
0x00007ffaebca0000 - 0x00007ffaebcc6000 	C:\WINDOWS\SYSTEM32\profapi.dll
0x00007ffab2360000 - 0x00007ffab24f9000 	C:\Program Files\Java\jdk-14.0.2\bin\awt.dll
0x00007ffaed110000 - 0x00007ffaed1dd000 	C:\WINDOWS\System32\OLEAUT32.dll
0x00007ffae9010000 - 0x00007ffae90a0000 	C:\WINDOWS\SYSTEM32\apphelp.dll
0x00007ffae9470000 - 0x00007ffae950e000 	C:\WINDOWS\system32\uxtheme.dll
0x00007ffaee4d0000 - 0x00007ffaee5e6000 	C:\WINDOWS\System32\MSCTF.dll
0x00007ffacfd00000 - 0x00007ffacfdfb000 	C:\ProgramData\A-Volute\A-Volute.SonicStudio3\Modules\ScheduledModules\x64\A-Volute.SonicStudio3DevProps2.dll
0x00007ffaece90000 - 0x00007ffaecfba000 	C:\WINDOWS\System32\ole32.dll
0x00007ffae9640000 - 0x00007ffae966f000 	C:\WINDOWS\system32\DWMAPI.DLL
0x00007ffad0000000 - 0x00007ffad0125000 	C:\WINDOWS\system32\opengl32.dll
0x00007ffade810000 - 0x00007ffade83c000 	C:\WINDOWS\SYSTEM32\GLU32.dll
0x00007ffac7cc0000 - 0x00007ffac7d42000 	C:\Program Files\Java\jdk-14.0.2\bin\freetype.dll
0x00007ffab4920000 - 0x00007ffab49c6000 	C:\Program Files\Java\jdk-14.0.2\bin\fontmanager.dll
0x00007ffaed030000 - 0x00007ffaed0d9000 	C:\WINDOWS\System32\clbcatq.dll
0x00007ffae59a0000 - 0x00007ffae5b54000 	C:\WINDOWS\SYSTEM32\WindowsCodecs.dll
0x00007ffaec040000 - 0x00007ffaec067000 	C:\WINDOWS\System32\bcrypt.dll
0x00007ffad54b0000 - 0x00007ffad54ee000 	C:\WINDOWS\system32\dataexchange.dll
0x00007ffae7d00000 - 0x00007ffae7f64000 	C:\WINDOWS\system32\d3d11.dll
0x00007ffae8400000 - 0x00007ffae85e7000 	C:\WINDOWS\system32\dcomp.dll
0x00007ffaea6c0000 - 0x00007ffaea7b3000 	C:\WINDOWS\system32\dxgi.dll
0x00007ffae5f00000 - 0x00007ffae6108000 	C:\WINDOWS\system32\twinapi.appcore.dll
0x00007ffad9b50000 - 0x00007ffad9c4d000 	C:\WINDOWS\SYSTEM32\textinputframework.dll
0x00007ffae85f0000 - 0x00007ffae894e000 	C:\WINDOWS\System32\CoreUIComponents.dll
0x00007ffae8cd0000 - 0x00007ffae8dc2000 	C:\WINDOWS\System32\CoreMessaging.dll
0x00007ffaeaab0000 - 0x00007ffaeaae3000 	C:\WINDOWS\SYSTEM32\ntmarta.dll
0x00007ffae75e0000 - 0x00007ffae7736000 	C:\WINDOWS\SYSTEM32\wintypes.dll
0x00007ffacd780000 - 0x00007ffacd799000 	C:\Program Files\Java\jdk-14.0.2\bin\net.dll
0x00007ffade250000 - 0x00007ffade350000 	C:\WINDOWS\SYSTEM32\WINHTTP.dll
0x00007ffaeb560000 - 0x00007ffaeb5ca000 	C:\WINDOWS\system32\mswsock.dll
0x00007ffac3a80000 - 0x00007ffac3a92000 	C:\Program Files\Java\jdk-14.0.2\bin\nio.dll

dbghelp: loaded successfully - version: 4.0.5 - missing functions: none
symbol engine: initialized successfully - sym options: 0x614 - pdb path: .;C:\Program Files\Java\jdk-14.0.2\bin;C:\WINDOWS\SYSTEM32;C:\WINDOWS\WinSxS\amd64_microsoft.windows.common-controls_6595b64144ccf1df_6.0.19041.488_none_ca04af081b815d21;C:\Program Files\Java\jdk-14.0.2\bin\server;C:\ProgramData\A-Volute\A-Volute.SonicStudio3\Modules\ScheduledModules\x64

VM Arguments:
jvm_args: -Dfile.encoding=Cp1252 -XX:+ShowCodeDetailsInExceptionMessages 
java_command: restaurants.restaurant
java_class_path (initial): C:\Users\SAI SANKETH\eclipse-workspace\restaurants\bin
Launcher Type: SUN_STANDARD

[Global flags]
     intx CICompilerCount                          = 4                                         {product} {ergonomic}
     uint ConcGCThreads                            = 2                                         {product} {ergonomic}
     uint G1ConcRefinementThreads                  = 8                                         {product} {ergonomic}
   size_t G1HeapRegionSize                         = 1048576                                   {product} {ergonomic}
    uintx GCDrainStackTargetSize                   = 64                                        {product} {ergonomic}
   size_t InitialHeapSize                          = 132120576                                 {product} {ergonomic}
   size_t MarkStackSize                            = 4194304                                   {product} {ergonomic}
   size_t MaxHeapSize                              = 2109734912                                {product} {ergonomic}
   size_t MaxNewSize                               = 1265631232                                {product} {ergonomic}
   size_t MinHeapDeltaBytes                        = 1048576                                   {product} {ergonomic}
   size_t MinHeapSize                              = 8388608                                   {product} {ergonomic}
    uintx NonNMethodCodeHeapSize                   = 5839372                                {pd product} {ergonomic}
    uintx NonProfiledCodeHeapSize                  = 122909434                              {pd product} {ergonomic}
    uintx ProfiledCodeHeapSize                     = 122909434                              {pd product} {ergonomic}
    uintx ReservedCodeCacheSize                    = 251658240                              {pd product} {ergonomic}
     bool SegmentedCodeCache                       = true                                      {product} {ergonomic}
     bool ShowCodeDetailsInExceptionMessages       = true                                   {manageable} {command line}
   size_t SoftMaxHeapSize                          = 2109734912                             {manageable} {ergonomic}
     bool UseCompressedClassPointers               = true                                 {lp64_product} {ergonomic}
     bool UseCompressedOops                        = true                                 {lp64_product} {ergonomic}
     bool UseG1GC                                  = true                                      {product} {ergonomic}
     bool UseLargePagesIndividualAllocation        = false                                  {pd product} {ergonomic}

Logging:
Log output configuration:
 #0: stdout all=warning uptime,level,tags
 #1: stderr all=off uptime,level,tags

Environment Variables:
PATH=C:/Program Files/Java/jdk-14.0.2/bin/server;C:/Program Files/Java/jdk-14.0.2/bin;C:\Program Files (x86)\Common Files\Oracle\Java\javapath;C:\Windows\system32;C:\Windows;C:\Windows\System32\Wbem;C:\Windows\System32\WindowsPowerShell\v1.0\;C:\Windows\System32\OpenSSH\;C:\Program Files (x86)\NVIDIA Corporation\PhysX\Common;C:\Program Files\NVIDIA Corporation\NVIDIA NvDLISR;C:\Program Files\Microsoft SQL Server\120\Tools\Binn\;C:\WINDOWS\system32;C:\WINDOWS;C:\WINDOWS\System32\Wbem;C:\WINDOWS\System32\WindowsPowerShell\v1.0\;C:\WINDOWS\System32\OpenSSH\;C:\Users\SAI SANKETH\AppData\Local\Microsoft\WindowsApps;;C:\Users\SAI SANKETH\Desktop;
USERNAME=SAI SANKETH
OS=Windows_NT
PROCESSOR_IDENTIFIER=Intel64 Family 6 Model 158 Stepping 13, GenuineIntel



---------------  S Y S T E M  ---------------

OS: Windows 10 , 64 bit Build 19041 (10.0.19041.662)
OS uptime: 11 days 3:18 hours

CPU:total 8 (initial active 8) (4 cores per cpu, 2 threads per core) family 6 model 158 stepping 13, cmov, cx8, fxsr, mmx, sse, sse2, sse3, ssse3, sse4.1, sse4.2, popcnt, avx, avx2, aes, clmul, erms, 3dnowpref, lzcnt, ht, tsc, tscinvbit, bmi1, bmi2, adx, fma

Memory: 4k page, system-wide physical 8044M (612M free)
TotalPageFile size 23443M (AvailPageFile size 3201M)
current process WorkingSet (physical memory assigned to process): 85M, peak: 96M
current process commit charge ("private bytes"): 231M, peak: 246M

vm_info: Java HotSpot(TM) 64-Bit Server VM (14.0.2+12-46) for windows-amd64 JRE (14.0.2+12-46), built on Jul  9 2020 00:35:52 by "mach5one" with MS VC++ 15.9 (VS2017)

END.
